2023-06-09 09:46:57,472 [Worker-5: Loading available Gradle versions] INFO  o.e.b.c.i.u.g.PublishedGradleVersions - Gradle version information cache is up-to-date. Trying to read.
2023-06-09 15:12:45,708 [Worker-3: Loading available Gradle versions] INFO  o.e.b.c.i.u.g.PublishedGradleVersions - Gradle version information cache is out-of-date. Trying to update.
2023-06-15 14:57:54,278 [Worker-5: Loading available Gradle versions] INFO  o.e.b.c.i.u.g.PublishedGradleVersions - Gradle version information cache is up-to-date. Trying to read.
2023-06-15 15:00:05,133 [Worker-20: プロジェクト "test1.00" の作成中] INFO  o.e.m.c.i.l.LifecycleMappingFactory - Using org.eclipse.m2e.jdt.JarLifecycleMapping lifecycle mapping for MavenProject: test1.00:test1.00:0.0.1-SNAPSHOT @ C:\Users\000681JPM\SelfLearning\test1.00\pom.xml.
2023-06-15 15:00:06,082 [Worker-20: プロジェクト "test1.00" の作成中] INFO  o.e.m.j.i.AbstractJavaProjectConfigurator - Adding source folder /test1.00/src/main/java
2023-06-15 15:00:06,084 [Worker-20: プロジェクト "test1.00" の作成中] INFO  o.e.m.j.i.AbstractJavaProjectConfigurator - Adding resource folder /test1.00/src/main/resources
2023-06-15 15:00:06,085 [Worker-20: プロジェクト "test1.00" の作成中] INFO  o.e.m.j.i.AbstractJavaProjectConfigurator - Adding source folder /test1.00/src/test/java
2023-06-15 15:00:06,085 [Worker-20: プロジェクト "test1.00" の作成中] INFO  o.e.m.j.i.AbstractJavaProjectConfigurator - Adding resource folder /test1.00/src/test/resources
2023-06-15 15:00:06,598 [Worker-23: ビルド] WARN  o.e.m.c.i.embedder.EclipseLogger - Using platform encoding (MS932 actually) to copy filtered resources, i.e. build is platform dependent!
2023-06-15 15:00:06,607 [Worker-23: ビルド] INFO  o.e.m.c.i.embedder.EclipseLogger - Copying 0 resource
2023-06-15 15:00:06,609 [Worker-23: ビルド] WARN  o.e.m.c.i.embedder.EclipseLogger - Using platform encoding (MS932 actually) to copy filtered resources, i.e. build is platform dependent!
2023-06-15 15:00:06,610 [Worker-23: ビルド] INFO  o.e.m.c.i.embedder.EclipseLogger - Copying 0 resource
2023-06-15 15:04:37,084 [Worker-19: ビルド] WARN  o.e.m.c.i.embedder.EclipseLogger - Using platform encoding (MS932 actually) to copy filtered resources, i.e. build is platform dependent!
2023-06-15 15:04:37,947 [Worker-19: ビルド] INFO  o.e.m.c.i.embedder.EclipseLogger - Copying 0 resource
2023-06-15 15:04:37,949 [Worker-19: ビルド] WARN  o.e.m.c.i.embedder.EclipseLogger - Using platform encoding (MS932 actually) to copy filtered resources, i.e. build is platform dependent!
2023-06-15 15:04:37,949 [Worker-19: ビルド] INFO  o.e.m.c.i.embedder.EclipseLogger - Copying 0 resource
2023-06-15 15:05:24,368 [Worker-13: ビルド] WARN  o.e.m.c.i.embedder.EclipseLogger - Using platform encoding (MS932 actually) to copy filtered resources, i.e. build is platform dependent!
2023-06-15 15:05:24,369 [Worker-13: ビルド] INFO  o.e.m.c.i.embedder.EclipseLogger - Copying 0 resource
2023-06-15 15:05:24,370 [Worker-13: ビルド] WARN  o.e.m.c.i.embedder.EclipseLogger - Using platform encoding (MS932 actually) to copy filtered resources, i.e. build is platform dependent!
2023-06-15 15:05:24,371 [Worker-13: ビルド] INFO  o.e.m.c.i.embedder.EclipseLogger - Copying 0 resource
2023-06-15 15:08:11,622 [Worker-2: Loading available Gradle versions] INFO  o.e.b.c.i.u.g.PublishedGradleVersions - Gradle version information cache is up-to-date. Trying to read.
2023-06-15 15:11:00,846 [Worker-5: Maven プロジェクトの更新中] INFO  o.e.m.c.i.p.ProjectConfigurationManager - Update started
2023-06-15 15:11:03,324 [Worker-5: Maven プロジェクトの更新中] INFO  o.e.m.c.i.l.LifecycleMappingFactory - Using org.eclipse.m2e.jdt.JarLifecycleMapping lifecycle mapping for MavenProject: test1.00:test1.00:0.0.1-SNAPSHOT @ C:\Users\000681JPM\SelfLearning\test1.00\pom.xml.
2023-06-15 15:11:03,947 [Worker-5: Maven プロジェクトの更新中] INFO  o.e.m.j.i.AbstractJavaProjectConfigurator - Adding source folder /test1.00/src/main/java
2023-06-15 15:11:03,948 [Worker-5: Maven プロジェクトの更新中] INFO  o.e.m.j.i.AbstractJavaProjectConfigurator - Adding resource folder /test1.00/src/main/resources
2023-06-15 15:11:03,948 [Worker-5: Maven プロジェクトの更新中] INFO  o.e.m.j.i.AbstractJavaProjectConfigurator - Adding source folder /test1.00/src/test/java
2023-06-15 15:11:03,949 [Worker-5: Maven プロジェクトの更新中] INFO  o.e.m.j.i.AbstractJavaProjectConfigurator - Adding resource folder /test1.00/src/test/resources
2023-06-15 15:11:04,050 [Worker-5: Maven プロジェクトの更新中] INFO  o.e.m.c.i.p.ProjectConfigurationManager - Update completed: 3 sec
2023-06-15 15:11:04,240 [Worker-5: ビルド] WARN  o.e.m.c.i.embedder.EclipseLogger - Using platform encoding (MS932 actually) to copy filtered resources, i.e. build is platform dependent!
2023-06-15 15:11:04,245 [Worker-5: ビルド] INFO  o.e.m.c.i.embedder.EclipseLogger - Copying 0 resource
2023-06-15 15:11:04,247 [Worker-5: ビルド] WARN  o.e.m.c.i.embedder.EclipseLogger - Using platform encoding (MS932 actually) to copy filtered resources, i.e. build is platform dependent!
2023-06-15 15:11:04,248 [Worker-5: ビルド] INFO  o.e.m.c.i.embedder.EclipseLogger - Copying 0 resource
2023-06-15 15:14:10,687 [Worker-16: ビルド] WARN  o.e.m.c.i.embedder.EclipseLogger - Using platform encoding (MS932 actually) to copy filtered resources, i.e. build is platform dependent!
2023-06-15 15:14:10,690 [Worker-16: ビルド] INFO  o.e.m.c.i.embedder.EclipseLogger - Copying 0 resource
2023-06-15 15:14:10,691 [Worker-16: ビルド] WARN  o.e.m.c.i.embedder.EclipseLogger - Using platform encoding (MS932 actually) to copy filtered resources, i.e. build is platform dependent!
2023-06-15 15:14:10,693 [Worker-16: ビルド] INFO  o.e.m.c.i.embedder.EclipseLogger - Copying 0 resource
2023-06-16 15:57:07,507 [Worker-0: Loading available Gradle versions] INFO  o.e.b.c.i.u.g.PublishedGradleVersions - Gradle version information cache is out-of-date. Trying to update.
2023-06-16 15:58:31,795 [Worker-16: プロジェクト "sample1" の作成中] INFO  o.e.m.c.i.l.LifecycleMappingFactory - Using org.eclipse.m2e.jdt.JarLifecycleMapping lifecycle mapping for MavenProject: sample1:sample1:0.0.1-SNAPSHOT @ C:\Users\000681JPM\SelfLearning\sample1\pom.xml.
2023-06-16 15:58:32,799 [Worker-16: プロジェクト "sample1" の作成中] INFO  o.e.m.j.i.AbstractJavaProjectConfigurator - Adding source folder /sample1/src/main/java
2023-06-16 15:58:32,800 [Worker-16: プロジェクト "sample1" の作成中] INFO  o.e.m.j.i.AbstractJavaProjectConfigurator - Adding resource folder /sample1/src/main/resources
2023-06-16 15:58:32,800 [Worker-16: プロジェクト "sample1" の作成中] INFO  o.e.m.j.i.AbstractJavaProjectConfigurator - Adding source folder /sample1/src/test/java
2023-06-16 15:58:32,801 [Worker-16: プロジェクト "sample1" の作成中] INFO  o.e.m.j.i.AbstractJavaProjectConfigurator - Adding resource folder /sample1/src/test/resources
2023-06-16 15:58:33,069 [Worker-12: ビルド] WARN  o.e.m.c.i.embedder.EclipseLogger - Using platform encoding (MS932 actually) to copy filtered resources, i.e. build is platform dependent!
2023-06-16 15:58:33,073 [Worker-12: ビルド] INFO  o.e.m.c.i.embedder.EclipseLogger - Copying 0 resource
2023-06-16 15:58:33,074 [Worker-12: ビルド] WARN  o.e.m.c.i.embedder.EclipseLogger - Using platform encoding (MS932 actually) to copy filtered resources, i.e. build is platform dependent!
2023-06-16 15:58:33,075 [Worker-12: ビルド] INFO  o.e.m.c.i.embedder.EclipseLogger - Copying 0 resource
2023-06-16 16:02:29,253 [Worker-8: ビルド] WARN  o.e.m.c.i.embedder.EclipseLogger - Using platform encoding (MS932 actually) to copy filtered resources, i.e. build is platform dependent!
2023-06-16 16:02:29,257 [Worker-8: ビルド] INFO  o.e.m.c.i.embedder.EclipseLogger - Copying 0 resource
2023-06-16 16:02:29,258 [Worker-8: ビルド] WARN  o.e.m.c.i.embedder.EclipseLogger - Using platform encoding (MS932 actually) to copy filtered resources, i.e. build is platform dependent!
2023-06-16 16:02:29,259 [Worker-8: ビルド] INFO  o.e.m.c.i.embedder.EclipseLogger - Copying 0 resource
2023-06-16 16:02:48,799 [Worker-10: ビルド] WARN  o.e.m.c.i.embedder.EclipseLogger - Using platform encoding (MS932 actually) to copy filtered resources, i.e. build is platform dependent!
2023-06-16 16:02:48,801 [Worker-10: ビルド] INFO  o.e.m.c.i.embedder.EclipseLogger - Copying 0 resource
2023-06-16 16:02:48,802 [Worker-10: ビルド] WARN  o.e.m.c.i.embedder.EclipseLogger - Using platform encoding (MS932 actually) to copy filtered resources, i.e. build is platform dependent!
2023-06-16 16:02:48,803 [Worker-10: ビルド] INFO  o.e.m.c.i.embedder.EclipseLogger - Copying 0 resource
2023-06-16 16:06:05,906 [Worker-31: ビルド] WARN  o.e.m.c.i.embedder.EclipseLogger - Using platform encoding (MS932 actually) to copy filtered resources, i.e. build is platform dependent!
2023-06-16 16:06:05,908 [Worker-31: ビルド] INFO  o.e.m.c.i.embedder.EclipseLogger - Copying 0 resource
2023-06-16 16:06:05,909 [Worker-31: ビルド] WARN  o.e.m.c.i.embedder.EclipseLogger - Using platform encoding (MS932 actually) to copy filtered resources, i.e. build is platform dependent!
2023-06-16 16:06:05,910 [Worker-31: ビルド] INFO  o.e.m.c.i.embedder.EclipseLogger - Copying 0 resource
2023-06-16 16:06:29,116 [Worker-31: ビルド] WARN  o.e.m.c.i.embedder.EclipseLogger - Using platform encoding (MS932 actually) to copy filtered resources, i.e. build is platform dependent!
2023-06-16 16:06:29,117 [Worker-31: ビルド] INFO  o.e.m.c.i.embedder.EclipseLogger - Copying 0 resource
2023-06-16 16:06:29,119 [Worker-31: ビルド] WARN  o.e.m.c.i.embedder.EclipseLogger - Using platform encoding (MS932 actually) to copy filtered resources, i.e. build is platform dependent!
2023-06-16 16:06:29,120 [Worker-31: ビルド] INFO  o.e.m.c.i.embedder.EclipseLogger - Copying 0 resource
2023-06-16 16:07:19,953 [Worker-31: ビルド] WARN  o.e.m.c.i.embedder.EclipseLogger - Using platform encoding (MS932 actually) to copy filtered resources, i.e. build is platform dependent!
2023-06-16 16:07:19,955 [Worker-31: ビルド] INFO  o.e.m.c.i.embedder.EclipseLogger - Copying 0 resource
2023-06-16 16:07:19,956 [Worker-31: ビルド] WARN  o.e.m.c.i.embedder.EclipseLogger - Using platform encoding (MS932 actually) to copy filtered resources, i.e. build is platform dependent!
2023-06-16 16:07:19,957 [Worker-31: ビルド] INFO  o.e.m.c.i.embedder.EclipseLogger - Copying 0 resource
2023-06-16 16:07:36,796 [Worker-29: ビルド] WARN  o.e.m.c.i.embedder.EclipseLogger - Using platform encoding (MS932 actually) to copy filtered resources, i.e. build is platform dependent!
2023-06-16 16:07:36,797 [Worker-29: ビルド] INFO  o.e.m.c.i.embedder.EclipseLogger - Copying 0 resource
2023-06-16 16:07:36,798 [Worker-29: ビルド] WARN  o.e.m.c.i.embedder.EclipseLogger - Using platform encoding (MS932 actually) to copy filtered resources, i.e. build is platform dependent!
2023-06-16 16:07:36,800 [Worker-29: ビルド] INFO  o.e.m.c.i.embedder.EclipseLogger - Copying 0 resource
2023-06-16 16:10:52,881 [Worker-32: ビルド] WARN  o.e.m.c.i.embedder.EclipseLogger - Using platform encoding (MS932 actually) to copy filtered resources, i.e. build is platform dependent!
2023-06-16 16:10:52,882 [Worker-32: ビルド] INFO  o.e.m.c.i.embedder.EclipseLogger - Copying 0 resource
2023-06-16 16:10:52,883 [Worker-32: ビルド] WARN  o.e.m.c.i.embedder.EclipseLogger - Using platform encoding (MS932 actually) to copy filtered resources, i.e. build is platform dependent!
2023-06-16 16:10:52,884 [Worker-32: ビルド] INFO  o.e.m.c.i.embedder.EclipseLogger - Copying 0 resource
2023-06-16 16:10:56,318 [Worker-33: ビルド] WARN  o.e.m.c.i.embedder.EclipseLogger - Using platform encoding (MS932 actually) to copy filtered resources, i.e. build is platform dependent!
2023-06-16 16:10:56,319 [Worker-33: ビルド] INFO  o.e.m.c.i.embedder.EclipseLogger - Copying 0 resource
2023-06-16 16:10:56,320 [Worker-33: ビルド] WARN  o.e.m.c.i.embedder.EclipseLogger - Using platform encoding (MS932 actually) to copy filtered resources, i.e. build is platform dependent!
2023-06-16 16:10:56,321 [Worker-33: ビルド] INFO  o.e.m.c.i.embedder.EclipseLogger - Copying 0 resource
2023-06-16 16:11:20,434 [Worker-33: ビルド] WARN  o.e.m.c.i.embedder.EclipseLogger - Using platform encoding (MS932 actually) to copy filtered resources, i.e. build is platform dependent!
2023-06-16 16:11:20,436 [Worker-33: ビルド] INFO  o.e.m.c.i.embedder.EclipseLogger - Copying 0 resource
2023-06-16 16:11:20,437 [Worker-33: ビルド] WARN  o.e.m.c.i.embedder.EclipseLogger - Using platform encoding (MS932 actually) to copy filtered resources, i.e. build is platform dependent!
2023-06-16 16:11:20,439 [Worker-33: ビルド] INFO  o.e.m.c.i.embedder.EclipseLogger - Copying 0 resource
2023-06-16 16:12:31,218 [Worker-35: ビルド] WARN  o.e.m.c.i.embedder.EclipseLogger - Using platform encoding (MS932 actually) to copy filtered resources, i.e. build is platform dependent!
2023-06-16 16:12:31,219 [Worker-35: ビルド] INFO  o.e.m.c.i.embedder.EclipseLogger - Copying 0 resource
2023-06-16 16:12:31,220 [Worker-35: ビルド] WARN  o.e.m.c.i.embedder.EclipseLogger - Using platform encoding (MS932 actually) to copy filtered resources, i.e. build is platform dependent!
2023-06-16 16:12:31,221 [Worker-35: ビルド] INFO  o.e.m.c.i.embedder.EclipseLogger - Copying 0 resource
2023-06-16 16:14:59,815 [Worker-33: ビルド] WARN  o.e.m.c.i.embedder.EclipseLogger - Using platform encoding (MS932 actually) to copy filtered resources, i.e. build is platform dependent!
2023-06-16 16:14:59,816 [Worker-33: ビルド] INFO  o.e.m.c.i.embedder.EclipseLogger - Copying 0 resource
2023-06-16 16:14:59,817 [Worker-33: ビルド] WARN  o.e.m.c.i.embedder.EclipseLogger - Using platform encoding (MS932 actually) to copy filtered resources, i.e. build is platform dependent!
2023-06-16 16:14:59,818 [Worker-33: ビルド] INFO  o.e.m.c.i.embedder.EclipseLogger - Copying 0 resource
2023-06-16 16:15:12,920 [Worker-34: ビルド] WARN  o.e.m.c.i.embedder.EclipseLogger - Using platform encoding (MS932 actually) to copy filtered resources, i.e. build is platform dependent!
2023-06-16 16:15:12,921 [Worker-34: ビルド] INFO  o.e.m.c.i.embedder.EclipseLogger - Copying 0 resource
2023-06-16 16:15:12,922 [Worker-34: ビルド] WARN  o.e.m.c.i.embedder.EclipseLogger - Using platform encoding (MS932 actually) to copy filtered resources, i.e. build is platform dependent!
2023-06-16 16:15:12,923 [Worker-34: ビルド] INFO  o.e.m.c.i.embedder.EclipseLogger - Copying 0 resource
2023-06-16 16:20:03,382 [Worker-32: ビルド] WARN  o.e.m.c.i.embedder.EclipseLogger - Using platform encoding (MS932 actually) to copy filtered resources, i.e. build is platform dependent!
2023-06-16 16:20:03,383 [Worker-32: ビルド] INFO  o.e.m.c.i.embedder.EclipseLogger - Copying 0 resource
2023-06-16 16:20:03,384 [Worker-32: ビルド] WARN  o.e.m.c.i.embedder.EclipseLogger - Using platform encoding (MS932 actually) to copy filtered resources, i.e. build is platform dependent!
2023-06-16 16:20:03,384 [Worker-32: ビルド] INFO  o.e.m.c.i.embedder.EclipseLogger - Copying 0 resource
2023-06-16 16:22:39,700 [Worker-0: Loading available Gradle versions] INFO  o.e.b.c.i.u.g.PublishedGradleVersions - Gradle version information cache is up-to-date. Trying to read.
2023-06-16 16:24:36,887 [Worker-14: ビルド] WARN  o.e.m.c.i.embedder.EclipseLogger - Using platform encoding (MS932 actually) to copy filtered resources, i.e. build is platform dependent!
2023-06-16 16:24:36,896 [Worker-14: ビルド] INFO  o.e.m.c.i.embedder.EclipseLogger - Copying 0 resource
2023-06-16 16:24:36,898 [Worker-14: ビルド] WARN  o.e.m.c.i.embedder.EclipseLogger - Using platform encoding (MS932 actually) to copy filtered resources, i.e. build is platform dependent!
2023-06-16 16:24:36,899 [Worker-14: ビルド] INFO  o.e.m.c.i.embedder.EclipseLogger - Copying 0 resource
2023-06-16 16:25:23,017 [Worker-7: ビルド] WARN  o.e.m.c.i.embedder.EclipseLogger - Using platform encoding (MS932 actually) to copy filtered resources, i.e. build is platform dependent!
2023-06-16 16:25:23,018 [Worker-7: ビルド] INFO  o.e.m.c.i.embedder.EclipseLogger - Copying 0 resource
2023-06-16 16:25:23,020 [Worker-7: ビルド] WARN  o.e.m.c.i.embedder.EclipseLogger - Using platform encoding (MS932 actually) to copy filtered resources, i.e. build is platform dependent!
2023-06-16 16:25:23,025 [Worker-7: ビルド] INFO  o.e.m.c.i.embedder.EclipseLogger - Copying 0 resource
2023-06-16 16:29:30,445 [Worker-18: ビルド] WARN  o.e.m.c.i.embedder.EclipseLogger - Using platform encoding (MS932 actually) to copy filtered resources, i.e. build is platform dependent!
2023-06-16 16:29:30,447 [Worker-18: ビルド] INFO  o.e.m.c.i.embedder.EclipseLogger - Copying 0 resource
2023-06-16 16:29:30,448 [Worker-18: ビルド] WARN  o.e.m.c.i.embedder.EclipseLogger - Using platform encoding (MS932 actually) to copy filtered resources, i.e. build is platform dependent!
2023-06-16 16:29:30,449 [Worker-18: ビルド] INFO  o.e.m.c.i.embedder.EclipseLogger - Copying 0 resource
